[2024-06-26T14:48:38.081+0000] {manager.py:469} INFO - Processing files using up to 2 processes at a time 
[2024-06-26T14:48:38.083+0000] {manager.py:470} INFO - Process each file at most once every 30 seconds
[2024-06-26T14:48:38.084+0000] {manager.py:471} INFO - Checking for new files in /opt/airflow/dags every 300 seconds
[2024-06-26T14:48:38.084+0000] {manager.py:738} INFO - Searching for files in /opt/airflow/dags
[2024-06-26T14:48:38.087+0000] {manager.py:741} INFO - There are 0 files in /opt/airflow/dags
[2024-06-26T14:53:38.358+0000] {manager.py:738} INFO - Searching for files in /opt/airflow/dags
[2024-06-26T14:53:38.362+0000] {manager.py:741} INFO - There are 0 files in /opt/airflow/dags
[2024-06-26T14:55:48.526+0000] {manager.py:451} INFO - Exiting gracefully upon receiving signal 15
[2024-06-26T15:01:05.478+0000] {manager.py:469} INFO - Processing files using up to 2 processes at a time 
[2024-06-26T15:01:05.480+0000] {manager.py:470} INFO - Process each file at most once every 30 seconds
[2024-06-26T15:01:05.481+0000] {manager.py:471} INFO - Checking for new files in /opt/airflow/dags every 300 seconds
[2024-06-26T15:01:05.482+0000] {manager.py:738} INFO - Searching for files in /opt/airflow/dags
[2024-06-26T15:01:05.485+0000] {manager.py:741} INFO - There are 0 files in /opt/airflow/dags
[2024-06-26T15:06:05.758+0000] {manager.py:738} INFO - Searching for files in /opt/airflow/dags
[2024-06-26T15:06:05.761+0000] {manager.py:741} INFO - There are 0 files in /opt/airflow/dags
[2024-06-26T15:11:06.021+0000] {manager.py:738} INFO - Searching for files in /opt/airflow/dags
[2024-06-26T15:11:06.024+0000] {manager.py:741} INFO - There are 0 files in /opt/airflow/dags
[2024-06-26T15:16:06.269+0000] {manager.py:738} INFO - Searching for files in /opt/airflow/dags
[2024-06-26T15:16:06.272+0000] {manager.py:741} INFO - There are 0 files in /opt/airflow/dags
[2024-06-26T15:19:11.168+0000] {manager.py:451} INFO - Exiting gracefully upon receiving signal 15
[2024-06-26T15:20:03.111+0000] {manager.py:469} INFO - Processing files using up to 2 processes at a time 
[2024-06-26T15:20:03.113+0000] {manager.py:470} INFO - Process each file at most once every 30 seconds
[2024-06-26T15:20:03.114+0000] {manager.py:471} INFO - Checking for new files in /opt/airflow/dags every 300 seconds
[2024-06-26T15:20:03.114+0000] {manager.py:738} INFO - Searching for files in /opt/airflow/dags
[2024-06-26T15:20:03.118+0000] {manager.py:741} INFO - There are 0 files in /opt/airflow/dags
[2024-06-26T15:25:03.385+0000] {manager.py:738} INFO - Searching for files in /opt/airflow/dags
[2024-06-26T15:25:03.388+0000] {manager.py:741} INFO - There are 0 files in /opt/airflow/dags
[2024-06-26T15:30:03.619+0000] {manager.py:738} INFO - Searching for files in /opt/airflow/dags
[2024-06-26T15:30:03.623+0000] {manager.py:741} INFO - There are 0 files in /opt/airflow/dags
[2024-06-26T15:35:03.863+0000] {manager.py:738} INFO - Searching for files in /opt/airflow/dags
[2024-06-26T15:35:03.865+0000] {manager.py:741} INFO - There are 0 files in /opt/airflow/dags
[2024-06-26T15:40:04.092+0000] {manager.py:738} INFO - Searching for files in /opt/airflow/dags
[2024-06-26T15:40:04.094+0000] {manager.py:741} INFO - There are 0 files in /opt/airflow/dags
[2024-06-26T15:45:04.319+0000] {manager.py:738} INFO - Searching for files in /opt/airflow/dags
[2024-06-26T15:45:04.322+0000] {manager.py:741} INFO - There are 0 files in /opt/airflow/dags
[2024-06-26T15:50:04.550+0000] {manager.py:738} INFO - Searching for files in /opt/airflow/dags
[2024-06-26T15:50:04.553+0000] {manager.py:741} INFO - There are 0 files in /opt/airflow/dags
[2024-06-26T15:55:04.782+0000] {manager.py:738} INFO - Searching for files in /opt/airflow/dags
[2024-06-26T15:55:04.785+0000] {manager.py:741} INFO - There are 0 files in /opt/airflow/dags
[2024-06-26T16:00:05.034+0000] {manager.py:738} INFO - Searching for files in /opt/airflow/dags
[2024-06-26T16:00:05.039+0000] {manager.py:741} INFO - There are 0 files in /opt/airflow/dags
[2024-06-26T16:05:05.273+0000] {manager.py:738} INFO - Searching for files in /opt/airflow/dags
[2024-06-26T16:05:05.277+0000] {manager.py:741} INFO - There are 0 files in /opt/airflow/dags
[2024-06-26T16:10:05.508+0000] {manager.py:738} INFO - Searching for files in /opt/airflow/dags
[2024-06-26T16:10:05.512+0000] {manager.py:741} INFO - There are 0 files in /opt/airflow/dags
[2024-06-26T16:15:05.719+0000] {manager.py:738} INFO - Searching for files in /opt/airflow/dags
[2024-06-26T16:15:05.722+0000] {manager.py:741} INFO - There are 0 files in /opt/airflow/dags
[2024-06-26T16:20:05.969+0000] {manager.py:738} INFO - Searching for files in /opt/airflow/dags
[2024-06-26T16:20:05.972+0000] {manager.py:741} INFO - There are 0 files in /opt/airflow/dags
[2024-06-26T16:21:30.125+0000] {manager.py:451} INFO - Exiting gracefully upon receiving signal 15
[2024-06-26T16:22:30.746+0000] {manager.py:469} INFO - Processing files using up to 2 processes at a time 
[2024-06-26T16:22:30.747+0000] {manager.py:470} INFO - Process each file at most once every 30 seconds
[2024-06-26T16:22:30.748+0000] {manager.py:471} INFO - Checking for new files in /opt/airflow/dags every 300 seconds
[2024-06-26T16:22:30.749+0000] {manager.py:738} INFO - Searching for files in /opt/airflow/dags
[2024-06-26T16:22:30.756+0000] {manager.py:741} INFO - There are 0 files in /opt/airflow/dags
[2024-06-26T16:26:55.050+0000] {manager.py:451} INFO - Exiting gracefully upon receiving signal 15
[2024-06-26T16:27:52.640+0000] {manager.py:469} INFO - Processing files using up to 2 processes at a time 
[2024-06-26T16:27:52.642+0000] {manager.py:470} INFO - Process each file at most once every 30 seconds
[2024-06-26T16:27:52.643+0000] {manager.py:471} INFO - Checking for new files in /opt/airflow/dags every 300 seconds
[2024-06-26T16:27:52.643+0000] {manager.py:738} INFO - Searching for files in /opt/airflow/dags
[2024-06-26T16:27:52.646+0000] {manager.py:741} INFO - There are 0 files in /opt/airflow/dags
[2024-06-26T16:30:14.295+0000] {manager.py:451} INFO - Exiting gracefully upon receiving signal 15
[2024-06-26T16:31:06.669+0000] {manager.py:469} INFO - Processing files using up to 2 processes at a time 
[2024-06-26T16:31:06.670+0000] {manager.py:470} INFO - Process each file at most once every 30 seconds
[2024-06-26T16:31:06.671+0000] {manager.py:471} INFO - Checking for new files in /opt/airflow/dags every 300 seconds
[2024-06-26T16:31:06.672+0000] {manager.py:738} INFO - Searching for files in /opt/airflow/dags
[2024-06-26T16:31:06.675+0000] {manager.py:741} INFO - There are 0 files in /opt/airflow/dags
[2024-06-26T16:36:06.964+0000] {manager.py:738} INFO - Searching for files in /opt/airflow/dags
[2024-06-26T16:36:06.967+0000] {manager.py:741} INFO - There are 0 files in /opt/airflow/dags
[2024-06-26T16:36:59.546+0000] {manager.py:451} INFO - Exiting gracefully upon receiving signal 15
[2024-06-26T16:39:23.483+0000] {manager.py:469} INFO - Processing files using up to 2 processes at a time 
[2024-06-26T16:39:23.487+0000] {manager.py:470} INFO - Process each file at most once every 30 seconds
[2024-06-26T16:39:23.491+0000] {manager.py:471} INFO - Checking for new files in /opt/airflow/dags every 300 seconds
[2024-06-26T16:39:23.494+0000] {manager.py:738} INFO - Searching for files in /opt/airflow/dags
[2024-06-26T16:39:23.506+0000] {manager.py:741} INFO - There are 0 files in /opt/airflow/dags
[2024-06-26T16:39:27.063+0000] {manager.py:451} INFO - Exiting gracefully upon receiving signal 15
[2024-06-26T16:40:19.665+0000] {manager.py:469} INFO - Processing files using up to 2 processes at a time 
[2024-06-26T16:40:19.666+0000] {manager.py:470} INFO - Process each file at most once every 30 seconds
[2024-06-26T16:40:19.667+0000] {manager.py:471} INFO - Checking for new files in /opt/airflow/dags every 300 seconds
[2024-06-26T16:40:19.668+0000] {manager.py:738} INFO - Searching for files in /opt/airflow/dags
[2024-06-26T16:40:19.671+0000] {manager.py:741} INFO - There are 0 files in /opt/airflow/dags
[2024-06-26T16:45:19.928+0000] {manager.py:738} INFO - Searching for files in /opt/airflow/dags
[2024-06-26T16:45:19.933+0000] {manager.py:741} INFO - There are 0 files in /opt/airflow/dags
[2024-06-26T16:50:20.179+0000] {manager.py:738} INFO - Searching for files in /opt/airflow/dags
[2024-06-26T16:50:20.183+0000] {manager.py:741} INFO - There are 0 files in /opt/airflow/dags
[2024-06-26T16:55:20.354+0000] {manager.py:738} INFO - Searching for files in /opt/airflow/dags
[2024-06-26T16:55:20.357+0000] {manager.py:741} INFO - There are 0 files in /opt/airflow/dags
[2024-06-26T16:58:57.754+0000] {manager.py:451} INFO - Exiting gracefully upon receiving signal 15
[2024-06-26T17:01:08.396+0000] {manager.py:469} INFO - Processing files using up to 2 processes at a time 
[2024-06-26T17:01:08.397+0000] {manager.py:470} INFO - Process each file at most once every 30 seconds
[2024-06-26T17:01:08.398+0000] {manager.py:471} INFO - Checking for new files in /opt/airflow/dags every 300 seconds
[2024-06-26T17:01:08.398+0000] {manager.py:738} INFO - Searching for files in /opt/airflow/dags
[2024-06-26T17:01:08.402+0000] {manager.py:741} INFO - There are 0 files in /opt/airflow/dags
